0 info it worked if it ends with ok
1 verbose cli [ 'C:\\Program Files\\nodejs\\node.exe',
1 verbose cli   'C:\\Users\\matia\\AppData\\Roaming\\npm\\node_modules\\npm\\bin\\npm-cli.js',
1 verbose cli   'run',
1 verbose cli   'run' ]
2 info using npm@4.0.3
3 info using node@v6.7.0
4 verbose run-script [ 'prerun', 'run', 'postrun' ]
5 info lifecycle typescriptfullstack@1.0.0~prerun: typescriptfullstack@1.0.0
6 silly lifecycle typescriptfullstack@1.0.0~prerun: no script for prerun, continuing
7 info lifecycle typescriptfullstack@1.0.0~run: typescriptfullstack@1.0.0
8 verbose lifecycle typescriptfullstack@1.0.0~run: unsafe-perm in lifecycle true
9 verbose lifecycle typescriptfullstack@1.0.0~run: PATH: C:\Users\matia\AppData\Roaming\npm\node_modules\npm\bin\node-gyp-bin;C:\Users\matia\Desktop\Belatrix\Cursos\typescriptfullstack\Server\node_modules\.bin;C:\ProgramData\Oracle\Java\javapath;C:\Windows\system32;C:\Windows;C:\Windows\System32\Wbem;C:\Windows\System32\WindowsPowerShell\v1.0\;C:\Program Files (x86)\Skype\Phone\;C:\Program Files\OpenVPN\bin;C:\Program Files\Git\cmd;C:\HashiCorp\Vagrant\bin;C:\Program Files\nodejs\;C:\Users\matia\AppData\Local\Microsoft\WindowsApps;C:\Program Files (x86)\Microsoft VS Code\bin;C:\Users\matia\AppData\Roaming\npm
10 verbose lifecycle typescriptfullstack@1.0.0~run: CWD: C:\Users\matia\Desktop\Belatrix\Cursos\typescriptfullstack\Server
11 silly lifecycle typescriptfullstack@1.0.0~run: Args: [ '/d /s /c', 'node generated/index.js' ]
12 silly lifecycle typescriptfullstack@1.0.0~run: Returned: code: 1  signal: null
13 info lifecycle typescriptfullstack@1.0.0~run: Failed to exec run script
14 verbose stack Error: typescriptfullstack@1.0.0 run: `node generated/index.js`
14 verbose stack Exit status 1
14 verbose stack     at EventEmitter.<anonymous> (C:\Users\matia\AppData\Roaming\npm\node_modules\npm\lib\utils\lifecycle.js:279:16)
14 verbose stack     at emitTwo (events.js:106:13)
14 verbose stack     at EventEmitter.emit (events.js:191:7)
14 verbose stack     at ChildProcess.<anonymous> (C:\Users\matia\AppData\Roaming\npm\node_modules\npm\lib\utils\spawn.js:40:14)
14 verbose stack     at emitTwo (events.js:106:13)
14 verbose stack     at ChildProcess.emit (events.js:191:7)
14 verbose stack     at maybeClose (internal/child_process.js:877:16)
14 verbose stack     at Process.ChildProcess._handle.onexit (internal/child_process.js:226:5)
15 verbose pkgid typescriptfullstack@1.0.0
16 verbose cwd C:\Users\matia\Desktop\Belatrix\Cursos\typescriptfullstack\Server
17 error Windows_NT 10.0.14393
18 error argv "C:\\Program Files\\nodejs\\node.exe" "C:\\Users\\matia\\AppData\\Roaming\\npm\\node_modules\\npm\\bin\\npm-cli.js" "run" "run"
19 error node v6.7.0
20 error npm  v4.0.3
21 error code ELIFECYCLE
22 error typescriptfullstack@1.0.0 run: `node generated/index.js`
22 error Exit status 1
23 error Failed at the typescriptfullstack@1.0.0 run script 'node generated/index.js'.
23 error Make sure you have the latest version of node.js and npm installed.
23 error If you do, this is most likely a problem with the typescriptfullstack package,
23 error not with npm itself.
23 error Tell the author that this fails on your system:
23 error     node generated/index.js
23 error You can get information on how to open an issue for this project with:
23 error     npm bugs typescriptfullstack
23 error Or if that isn't available, you can get their info via:
23 error     npm owner ls typescriptfullstack
23 error There is likely additional logging output above.
24 verbose exit [ 1, true ]
